Removed Pin From Net: NetName=IN+ Pin=D3-1
Removed Pin From Net: NetName=IN- Pin=D4-1
Removed Pin From Net: NetName=IN- Pin=Q8-3
Removed Pin From Net: NetName=IN+ Pin=Q9-3
Change Component Description : Designator=U4 Old Description=0.9 µA, High Precision Op Amps New Description=0.9 £gA, High Precision Op Amps
Change Component Description : Designator=U3 Old Description=Micro-Power (50µA), Zer?Drift, Rail-to-Rail Out  Instrumentation Amplifier New Description=Micro-Power (50£gA), Zero-Drift, Rail-to-Rail Out  Instrumentation Amplifier
Added Component: Designator=R24(0603)
Added Component: Designator=R25(0603)
Added Pin To Net: NetName=IN+ Pin=R24-2
Added Pin To Net: NetName=IN- Pin=R25-1
Added Pin To Net: NetName=NetD3_1 Pin=D3-1
Added Pin To Net: NetName=NetD3_1 Pin=Q9-3
Added Pin To Net: NetName=NetD3_1 Pin=R24-1
Added Net: Name=NetD3_1
Added Pin To Net: NetName=NetD4_1 Pin=D4-1
Added Pin To Net: NetName=NetD4_1 Pin=Q8-3
Added Pin To Net: NetName=NetD4_1 Pin=R25-2
Added Net: Name=NetD4_1
Added Member To Class: ClassName=IVSense Member=Component R24 Chip resistor
Added Member To Class: ClassName=IVSense Member=Component R25 Chip resistor
