Added Component: Designator=C1(0603)
Added Component: Designator=C2(KEMET_EDK_9H)
Added Component: Designator=C3(KEMET_EDK_9H)
Added Component: Designator=C4(KEMET_EDK_9H)
Added Component: Designator=C5(KEMET_EDK_9H)
Added Component: Designator=C6(1206)
Added Component: Designator=C7(0603)
Added Component: Designator=C8(1210)
Added Component: Designator=C9(0603)
Added Component: Designator=D1(SOT23-3)
Added Component: Designator=D2(SOT23-3)
Added Component: Designator=J1(TestPoint)
Added Component: Designator=J2(TestPoint)
Added Component: Designator=J3(TestPoint)
Added Component: Designator=L1(CDRH2D18)
Added Component: Designator=P1(MPT_2position)
Added Component: Designator=P2(1x2 header)
Added Component: Designator=P3(1x2 header)
Added Component: Designator=P4(1x2 header)
Added Component: Designator=P5(1x2 header)
Added Component: Designator=P6(1x2 header)
Added Component: Designator=P7(1x2 header)
Added Component: Designator=P8(1x2 header)
Added Component: Designator=Q1(SOT23-3)
Added Component: Designator=Q2(SOT23-3)
Added Component: Designator=Q3(SOT23-3)
Added Component: Designator=Q4(SOT23-3)
Added Component: Designator=Q5(SOT23-3)
Added Component: Designator=Q6(SOT23-3)
Added Component: Designator=R1(0603)
Added Component: Designator=R2(0603)
Added Component: Designator=R3(0603)
Added Component: Designator=R4(0603)
Added Component: Designator=R5(0603)
Added Component: Designator=R6(0603)
Added Component: Designator=R7(0603)
Added Component: Designator=R8(0603)
Added Component: Designator=R9(0603)
Added Component: Designator=U1(MSOP-8)
Added Component: Designator=U2(TSSOP50P490X110_HS-11N)
Added Pin To Net: NetName=CONTROL Pin=P4-1
Added Pin To Net: NetName=CONTROL Pin=P4-2
Added Pin To Net: NetName=CONTROL Pin=Q5-1
Added Pin To Net: NetName=CONTROL Pin=Q6-1
Added Net: Name=CONTROL
Added Pin To Net: NetName=CURRENT_WAVEFORM Pin=J1-1
Added Pin To Net: NetName=CURRENT_WAVEFORM Pin=P6-1
Added Pin To Net: NetName=CURRENT_WAVEFORM Pin=P6-2
Added Pin To Net: NetName=CURRENT_WAVEFORM Pin=U1-6
Added Net: Name=CURRENT_WAVEFORM
Added Pin To Net: NetName=GND Pin=C1-2
Added Pin To Net: NetName=GND Pin=C2-2
Added Pin To Net: NetName=GND Pin=C3-2
Added Pin To Net: NetName=GND Pin=C4-2
Added Pin To Net: NetName=GND Pin=C5-2
Added Pin To Net: NetName=GND Pin=C6-2
Added Pin To Net: NetName=GND Pin=C8-2
Added Pin To Net: NetName=GND Pin=C9-2
Added Pin To Net: NetName=GND Pin=P7-1
Added Pin To Net: NetName=GND Pin=P7-2
Added Pin To Net: NetName=GND Pin=P8-1
Added Pin To Net: NetName=GND Pin=P8-2
Added Pin To Net: NetName=GND Pin=Q2-2
Added Pin To Net: NetName=GND Pin=R7-2
Added Pin To Net: NetName=GND Pin=U1-4
Added Pin To Net: NetName=GND Pin=U2-9
Added Pin To Net: NetName=GND Pin=U2-11
Added Net: Name=GND
Added Pin To Net: NetName=HARVEST_GATED Pin=C1-1
Added Pin To Net: NetName=HARVEST_GATED Pin=Q1-3
Added Pin To Net: NetName=HARVEST_GATED Pin=R6-2
Added Pin To Net: NetName=HARVEST_GATED Pin=U1-7
Added Net: Name=HARVEST_GATED
Added Pin To Net: NetName=NetC7_2 Pin=C7-2
Added Pin To Net: NetName=NetC7_2 Pin=U2-3
Added Net: Name=NetC7_2
Added Pin To Net: NetName=NetC9_1 Pin=C9-1
Added Pin To Net: NetName=NetC9_1 Pin=U2-7
Added Pin To Net: NetName=NetC9_1 Pin=U2-8
Added Net: Name=NetC9_1
Added Pin To Net: NetName=NetD1_1 Pin=D1-1
Added Pin To Net: NetName=NetD1_1 Pin=Q4-2
Added Pin To Net: NetName=NetD1_1 Pin=Q6-2
Added Pin To Net: NetName=NetD1_1 Pin=U2-1
Added Net: Name=NetD1_1
Added Pin To Net: NetName=NetD1_2 Pin=D1-2
Added Pin To Net: NetName=NetD1_2 Pin=Q4-3
Added Pin To Net: NetName=NetD1_2 Pin=R8-1
Added Net: Name=NetD1_2
Added Pin To Net: NetName=NetD1_3 Pin=D1-3
Added Pin To Net: NetName=NetD1_3 Pin=P2-1
Added Net: Name=NetD1_3
Added Pin To Net: NetName=NetD2_1 Pin=D2-1
Added Pin To Net: NetName=NetD2_1 Pin=Q3-2
Added Pin To Net: NetName=NetD2_1 Pin=Q5-2
Added Pin To Net: NetName=NetD2_1 Pin=U2-2
Added Net: Name=NetD2_1
Added Pin To Net: NetName=NetD2_2 Pin=D2-2
Added Pin To Net: NetName=NetD2_2 Pin=Q3-3
Added Pin To Net: NetName=NetD2_2 Pin=R9-1
Added Net: Name=NetD2_2
Added Pin To Net: NetName=NetD2_3 Pin=D2-3
Added Pin To Net: NetName=NetD2_3 Pin=P3-2
Added Net: Name=NetD2_3
Added Pin To Net: NetName=NetL1_2 Pin=L1-2
Added Pin To Net: NetName=NetL1_2 Pin=U2-5
Added Net: Name=NetL1_2
Added Pin To Net: NetName=NetP1_1 Pin=P1-1
Added Pin To Net: NetName=NetP1_1 Pin=P2-2
Added Pin To Net: NetName=NetP1_1 Pin=R3-1
Added Net: Name=NetP1_1
Added Pin To Net: NetName=NetP1_2 Pin=P1-2
Added Pin To Net: NetName=NetP1_2 Pin=P3-1
Added Pin To Net: NetName=NetP1_2 Pin=R5-2
Added Net: Name=NetP1_2
Added Pin To Net: NetName=NetQ1_1 Pin=Q1-1
Added Pin To Net: NetName=NetQ1_1 Pin=Q2-3
Added Pin To Net: NetName=NetQ1_1 Pin=R1-1
Added Net: Name=NetQ1_1
Added Pin To Net: NetName=NetQ3_1 Pin=Q3-1
Added Pin To Net: NetName=NetQ3_1 Pin=Q5-3
Added Pin To Net: NetName=NetQ3_1 Pin=R9-2
Added Net: Name=NetQ3_1
Added Pin To Net: NetName=NetQ4_1 Pin=Q4-1
Added Pin To Net: NetName=NetQ4_1 Pin=Q6-3
Added Pin To Net: NetName=NetQ4_1 Pin=R8-2
Added Net: Name=NetQ4_1
Added Pin To Net: NetName=NetR2_1 Pin=R2-1
Added Pin To Net: NetName=NetR2_1 Pin=U1-8
Added Net: Name=NetR2_1
Added Pin To Net: NetName=NetR2_2 Pin=R2-2
Added Pin To Net: NetName=NetR2_2 Pin=U1-1
Added Net: Name=NetR2_2
Added Pin To Net: NetName=NetR3_2 Pin=R3-2
Added Pin To Net: NetName=NetR3_2 Pin=R4-1
Added Pin To Net: NetName=NetR3_2 Pin=U1-2
Added Net: Name=NetR3_2
Added Pin To Net: NetName=NetR4_2 Pin=R4-2
Added Pin To Net: NetName=NetR4_2 Pin=R5-1
Added Pin To Net: NetName=NetR4_2 Pin=U1-3
Added Net: Name=NetR4_2
Added Pin To Net: NetName=NetR6_1 Pin=R6-1
Added Pin To Net: NetName=NetR6_1 Pin=R7-1
Added Pin To Net: NetName=NetR6_1 Pin=U1-5
Added Net: Name=NetR6_1
Added Pin To Net: NetName=PGOOD Pin=J3-1
Added Pin To Net: NetName=PGOOD Pin=U2-10
Added Net: Name=PGOOD
Added Pin To Net: NetName=SW Pin=P5-1
Added Pin To Net: NetName=SW Pin=P5-2
Added Pin To Net: NetName=SW Pin=Q2-1
Added Net: Name=SW
Added Pin To Net: NetName=V_HARVEST Pin=C8-1
Added Pin To Net: NetName=V_HARVEST Pin=J2-1
Added Pin To Net: NetName=V_HARVEST Pin=L1-1
Added Pin To Net: NetName=V_HARVEST Pin=Q1-2
Added Pin To Net: NetName=V_HARVEST Pin=R1-2
Added Pin To Net: NetName=V_HARVEST Pin=U2-6
Added Net: Name=V_HARVEST
Added Pin To Net: NetName=VCAP Pin=C2-1
Added Pin To Net: NetName=VCAP Pin=C3-1
Added Pin To Net: NetName=VCAP Pin=C4-1
Added Pin To Net: NetName=VCAP Pin=C5-1
Added Pin To Net: NetName=VCAP Pin=C6-1
Added Pin To Net: NetName=VCAP Pin=C7-1
Added Pin To Net: NetName=VCAP Pin=U2-4
Added Net: Name=VCAP
Added Class: Name=coilcube_frontend_v2
Added Room: Name=coilcube_frontend_v2
