Removed Pin From Net: NetName=NetD3_3 Pin=D3-3
Removed Pin From Net: NetName=NetD4_3 Pin=D4-3
Removed Pin From Net: NetName=NetP1_1 Pin=P1-1
Removed Pin From Net: NetName=NetP1_2 Pin=P1-2
Change Component Description : Designator=U4 Old Description=0.9 £gA, High Precision Op Amps New Description=0.9 £gA, High Precision Op Amps
Change Component Description : Designator=U3 Old Description=Micro-Power (50£gA), Zero-Drift, Rail-to-Rail Out  Instrumentation Amplifier New Description=Micro-Power (50£gA), Zero-Drift, Rail-to-Rail Out  Instrumentation Amplifier
Added Component: Designator=C19(0603)
Added Component: Designator=P2(TC2030-IDC-NLFP)
Added Component: Designator=P4(1x2 header)
Added Component: Designator=U6(SC70-5)
Added Component: Designator=U7(ATUM)
Added Pin To Net: NetName=VCC3_GATED1 Pin=C19-1
Added Pin To Net: NetName=GND Pin=C19-2
Added Pin To Net: NetName=NetD2_3 Pin=D3-3
Added Pin To Net: NetName=NetD1_3 Pin=D4-3
Added Pin To Net: NetName=NetD1_3 Pin=P1-1
Added Pin To Net: NetName=NetD2_3 Pin=P1-2
Added Pin To Net: NetName=VCC3 Pin=P2-1
Added Pin To Net: NetName=NetD3_3 Pin=P2-2
Added Pin To Net: NetName=NetP1_2 Pin=P2-3
Added Pin To Net: NetName=NetP1_1 Pin=P2-4
Added Pin To Net: NetName=GND Pin=P2-5
Added Pin To Net: NetName=NetD4_3 Pin=P2-6
Added Pin To Net: NetName=VCC3 Pin=P4-1
Added Pin To Net: NetName=VCC3 Pin=P4-2
Added Pin To Net: NetName=GND Pin=U6-2
Added Pin To Net: NetName=VOLTAGE_WAVEFORM Pin=U6-3
Added Pin To Net: NetName=VREF_BUF Pin=U6-4
Added Pin To Net: NetName=VCC3_GATED1 Pin=U6-5
Added Pin To Net: NetName=VCC3 Pin=U7-1
Added Pin To Net: NetName=NetD3_3 Pin=U7-3
Added Pin To Net: NetName=NetP1_1 Pin=U7-4
Added Pin To Net: NetName=NetD4_3 Pin=U7-5
Added Pin To Net: NetName=CONTROL Pin=U7-9
Added Pin To Net: NetName=GND Pin=U7-10
Added Pin To Net: NetName=CURRENTMEASUREEN Pin=U7-20
Added Pin To Net: NetName=VOLTAGEMEASUREEN Pin=U7-21
Added Pin To Net: NetName=CURRENT_WAVEFORM Pin=U7-25
Added Pin To Net: NetName=VREF_BUF Pin=U7-26
Added Pin To Net: NetName=VOLTAGE_WAVEFORM Pin=U7-27
Added Pin To Net: NetName=NetP1_2 Pin=U7-30
Added Pin To Net: NetName=GND Pin=U7-32
Change Net Name : Old Net Name=CONTROL New Net Name=HARVEST_DISABLE
Change Net Name : Old Net Name=NetD3_3 New Net Name=TMS
Change Net Name : Old Net Name=NetD4_3 New Net Name=TDO
Change Net Name : Old Net Name=NetP1_1 New Net Name=TCK
Change Net Name : Old Net Name=NetP1_2 New Net Name=R\E\S\E\T\
Added Pin To Net: NetName=VOLTAGETRIGGER Pin=U6-1
Added Pin To Net: NetName=VOLTAGETRIGGER Pin=U7-19
Added Net: Name=VOLTAGETRIGGER
Added Class: Name=proc
Added Member To Class: ClassName=IVSense Member=Component C19 Ceramic capacitor
Added Member To Class: ClassName=harvesting Member=Component P4 1 x 2 header
Added Member To Class: ClassName=IVSense Member=Component U6 TS881
Added Room: Name=proc
