Added Component: Designator=C1(0603)
Added Component: Designator=C2(KEMET_EDK_9H)
Added Component: Designator=C3(KEMET_EDK_9H)
Added Component: Designator=C4(KEMET_EDK_9H)
Added Component: Designator=C5(KEMET_EDK_9H)
Added Component: Designator=C6(1206)
Added Component: Designator=C7(0603)
Added Component: Designator=C8(1210)
Added Component: Designator=C9(0603)
Added Component: Designator=C10(0603)
Added Component: Designator=C11(0603)
Added Component: Designator=C12(0603)
Added Component: Designator=D1(SOT23-3)
Added Component: Designator=D2(SOT23-3)
Added Component: Designator=D3(SOT-363)
Added Component: Designator=D4(SOT23-3)
Added Component: Designator=D5(SOT23-3)
Added Component: Designator=D6(SOT-363)
Added Component: Designator=J1(TestPoint)
Added Component: Designator=J2(TestPoint)
Added Component: Designator=J3(TestPoint)
Added Component: Designator=J4(TestPoint)
Added Component: Designator=L1(CDRH2D18)
Added Component: Designator=P1(MPT_2position)
Added Component: Designator=P2(1x2 header)
Added Component: Designator=P3(1x2 header)
Added Component: Designator=P4(1x2 header)
Added Component: Designator=P5(1x2 header)
Added Component: Designator=P6(1x2 header)
Added Component: Designator=P7(1x2 header)
Added Component: Designator=P8(1x2 header)
Added Component: Designator=P9(1x2 header)
Added Component: Designator=P10(1x2 header)
Added Component: Designator=P11(1x2 header)
Added Component: Designator=P12(1x2 header)
Added Component: Designator=Q1(SOT23-3)
Added Component: Designator=Q2(SOT23-3)
Added Component: Designator=Q3(SOT23-3)
Added Component: Designator=Q4(SOT23-3)
Added Component: Designator=Q5(SOT23-3)
Added Component: Designator=Q6(SOT23-3)
Added Component: Designator=Q7(SOT23-3)
Added Component: Designator=Q8(SOT23-3)
Added Component: Designator=Q9(SOT23-3)
Added Component: Designator=Q10(SOT23-3)
Added Component: Designator=R1(0603)
Added Component: Designator=R2(0603)
Added Component: Designator=R3(0603)
Added Component: Designator=R4(0603)
Added Component: Designator=R5(0603)
Added Component: Designator=R6(0603)
Added Component: Designator=R7(0603)
Added Component: Designator=R8(0603)
Added Component: Designator=R9(0603)
Added Component: Designator=R10(0603)
Added Component: Designator=R11(0603)
Added Component: Designator=R12(0603)
Added Component: Designator=R13(0603)
Added Component: Designator=R14(0603)
Added Component: Designator=R15(0603)
Added Component: Designator=R16(0603)
Added Component: Designator=R17(0603)
Added Component: Designator=U1(MSOP-8)
Added Component: Designator=U2(TSSOP50P490X110_HS-11N)
Added Component: Designator=U3(SOT23-3)
Added Component: Designator=U4(SOT23-5)
Added Pin To Net: NetName=CONTROL Pin=P4-1
Added Pin To Net: NetName=CONTROL Pin=P4-2
Added Pin To Net: NetName=CONTROL Pin=Q5-1
Added Pin To Net: NetName=CONTROL Pin=Q6-1
Added Pin To Net: NetName=CONTROL Pin=R10-2
Added Net: Name=CONTROL
Added Pin To Net: NetName=CURRENT_WAVEFORM Pin=J1-1
Added Pin To Net: NetName=CURRENT_WAVEFORM Pin=P6-1
Added Pin To Net: NetName=CURRENT_WAVEFORM Pin=P6-2
Added Pin To Net: NetName=CURRENT_WAVEFORM Pin=U1-6
Added Net: Name=CURRENT_WAVEFORM
Added Pin To Net: NetName=GND Pin=C1-2
Added Pin To Net: NetName=GND Pin=C2-2
Added Pin To Net: NetName=GND Pin=C3-2
Added Pin To Net: NetName=GND Pin=C4-2
Added Pin To Net: NetName=GND Pin=C5-2
Added Pin To Net: NetName=GND Pin=C6-2
Added Pin To Net: NetName=GND Pin=C8-2
Added Pin To Net: NetName=GND Pin=C9-2
Added Pin To Net: NetName=GND Pin=C10-2
Added Pin To Net: NetName=GND Pin=C11-2
Added Pin To Net: NetName=GND Pin=C12-2
Added Pin To Net: NetName=GND Pin=P7-1
Added Pin To Net: NetName=GND Pin=P7-2
Added Pin To Net: NetName=GND Pin=P8-1
Added Pin To Net: NetName=GND Pin=P8-2
Added Pin To Net: NetName=GND Pin=Q2-2
Added Pin To Net: NetName=GND Pin=Q5-2
Added Pin To Net: NetName=GND Pin=Q6-2
Added Pin To Net: NetName=GND Pin=Q9-2
Added Pin To Net: NetName=GND Pin=Q10-2
Added Pin To Net: NetName=GND Pin=R7-2
Added Pin To Net: NetName=GND Pin=R10-1
Added Pin To Net: NetName=GND Pin=R11-1
Added Pin To Net: NetName=GND Pin=R17-2
Added Pin To Net: NetName=GND Pin=U1-4
Added Pin To Net: NetName=GND Pin=U2-9
Added Pin To Net: NetName=GND Pin=U2-11
Added Pin To Net: NetName=GND Pin=U3-3
Added Pin To Net: NetName=GND Pin=U4-2
Added Net: Name=GND
Added Pin To Net: NetName=HARVEST_GATED Pin=C1-1
Added Pin To Net: NetName=HARVEST_GATED Pin=C10-1
Added Pin To Net: NetName=HARVEST_GATED Pin=C11-1
Added Pin To Net: NetName=HARVEST_GATED Pin=C12-1
Added Pin To Net: NetName=HARVEST_GATED Pin=Q1-3
Added Pin To Net: NetName=HARVEST_GATED Pin=R5-1
Added Pin To Net: NetName=HARVEST_GATED Pin=R6-2
Added Pin To Net: NetName=HARVEST_GATED Pin=U1-7
Added Pin To Net: NetName=HARVEST_GATED Pin=U3-1
Added Pin To Net: NetName=HARVEST_GATED Pin=U4-5
Added Net: Name=HARVEST_GATED
Added Pin To Net: NetName=IN+ Pin=R12-2
Added Pin To Net: NetName=IN+ Pin=R13-1
Added Pin To Net: NetName=IN+ Pin=U1-3
Added Net: Name=IN+
Added Pin To Net: NetName=IN- Pin=R13-2
Added Pin To Net: NetName=IN- Pin=R14-1
Added Pin To Net: NetName=IN- Pin=U1-2
Added Net: Name=IN-
Added Pin To Net: NetName=NetC7_2 Pin=C7-2
Added Pin To Net: NetName=NetC7_2 Pin=U2-3
Added Net: Name=NetC7_2
Added Pin To Net: NetName=NetC9_1 Pin=C9-1
Added Pin To Net: NetName=NetC9_1 Pin=U2-7
Added Pin To Net: NetName=NetC9_1 Pin=U2-8
Added Net: Name=NetC9_1
Added Pin To Net: NetName=NetD1_1 Pin=D1-1
Added Pin To Net: NetName=NetD1_1 Pin=Q4-2
Added Pin To Net: NetName=NetD1_1 Pin=U2-1
Added Net: Name=NetD1_1
Added Pin To Net: NetName=NetD1_2 Pin=D1-2
Added Pin To Net: NetName=NetD1_2 Pin=Q4-3
Added Pin To Net: NetName=NetD1_2 Pin=R8-1
Added Net: Name=NetD1_2
Added Pin To Net: NetName=NetD1_3 Pin=D1-3
Added Pin To Net: NetName=NetD1_3 Pin=P2-1
Added Net: Name=NetD1_3
Added Pin To Net: NetName=NetD2_1 Pin=D2-1
Added Pin To Net: NetName=NetD2_1 Pin=Q3-2
Added Pin To Net: NetName=NetD2_1 Pin=U2-2
Added Net: Name=NetD2_1
Added Pin To Net: NetName=NetD2_2 Pin=D2-2
Added Pin To Net: NetName=NetD2_2 Pin=Q3-3
Added Pin To Net: NetName=NetD2_2 Pin=R9-1
Added Net: Name=NetD2_2
Added Pin To Net: NetName=NetD2_3 Pin=D2-3
Added Pin To Net: NetName=NetD2_3 Pin=P3-2
Added Net: Name=NetD2_3
Added Pin To Net: NetName=NetD3_1 Pin=D3-1
Added Pin To Net: NetName=NetD3_1 Pin=Q4-1
Added Pin To Net: NetName=NetD3_1 Pin=Q6-3
Added Net: Name=NetD3_1
Added Pin To Net: NetName=NetD3_3 Pin=D3-3
Added Pin To Net: NetName=NetD3_3 Pin=Q3-1
Added Pin To Net: NetName=NetD3_3 Pin=Q5-3
Added Net: Name=NetD3_3
Added Pin To Net: NetName=NetD3_4 Pin=D3-4
Added Pin To Net: NetName=NetD3_4 Pin=R9-2
Added Net: Name=NetD3_4
Added Pin To Net: NetName=NetD3_6 Pin=D3-6
Added Pin To Net: NetName=NetD3_6 Pin=R8-2
Added Net: Name=NetD3_6
Added Pin To Net: NetName=NetD4_1 Pin=D4-1
Added Pin To Net: NetName=NetD4_1 Pin=Q8-3
Added Pin To Net: NetName=NetD4_1 Pin=R12-1
Added Net: Name=NetD4_1
Added Pin To Net: NetName=NetD4_2 Pin=D4-2
Added Pin To Net: NetName=NetD4_2 Pin=Q8-2
Added Pin To Net: NetName=NetD4_2 Pin=R3-1
Added Net: Name=NetD4_2
Added Pin To Net: NetName=NetD4_3 Pin=D4-3
Added Pin To Net: NetName=NetD4_3 Pin=P10-1
Added Net: Name=NetD4_3
Added Pin To Net: NetName=NetD5_1 Pin=D5-1
Added Pin To Net: NetName=NetD5_1 Pin=Q7-3
Added Pin To Net: NetName=NetD5_1 Pin=R14-2
Added Net: Name=NetD5_1
Added Pin To Net: NetName=NetD5_2 Pin=D5-2
Added Pin To Net: NetName=NetD5_2 Pin=Q7-2
Added Pin To Net: NetName=NetD5_2 Pin=R4-1
Added Net: Name=NetD5_2
Added Pin To Net: NetName=NetD5_3 Pin=D5-3
Added Pin To Net: NetName=NetD5_3 Pin=P11-2
Added Net: Name=NetD5_3
Added Pin To Net: NetName=NetD6_1 Pin=D6-1
Added Pin To Net: NetName=NetD6_1 Pin=Q8-1
Added Pin To Net: NetName=NetD6_1 Pin=Q9-3
Added Net: Name=NetD6_1
Added Pin To Net: NetName=NetD6_3 Pin=D6-3
Added Pin To Net: NetName=NetD6_3 Pin=Q7-1
Added Pin To Net: NetName=NetD6_3 Pin=Q10-3
Added Net: Name=NetD6_3
Added Pin To Net: NetName=NetD6_4 Pin=D6-4
Added Pin To Net: NetName=NetD6_4 Pin=R4-2
Added Net: Name=NetD6_4
Added Pin To Net: NetName=NetD6_6 Pin=D6-6
Added Pin To Net: NetName=NetD6_6 Pin=R3-2
Added Net: Name=NetD6_6
Added Pin To Net: NetName=NetJ4_1 Pin=J4-1
Added Pin To Net: NetName=NetJ4_1 Pin=R16-2
Added Pin To Net: NetName=NetJ4_1 Pin=U4-3
Added Net: Name=NetJ4_1
Added Pin To Net: NetName=NetL1_2 Pin=L1-2
Added Pin To Net: NetName=NetL1_2 Pin=U2-5
Added Net: Name=NetL1_2
Added Pin To Net: NetName=NetP1_1 Pin=P1-1
Added Pin To Net: NetName=NetP1_1 Pin=P2-2
Added Pin To Net: NetName=NetP1_1 Pin=P10-2
Added Net: Name=NetP1_1
Added Pin To Net: NetName=NetP1_2 Pin=P1-2
Added Pin To Net: NetName=NetP1_2 Pin=P3-1
Added Pin To Net: NetName=NetP1_2 Pin=P11-1
Added Net: Name=NetP1_2
Added Pin To Net: NetName=NetQ1_1 Pin=Q1-1
Added Pin To Net: NetName=NetQ1_1 Pin=Q2-3
Added Pin To Net: NetName=NetQ1_1 Pin=R1-1
Added Net: Name=NetQ1_1
Added Pin To Net: NetName=NetR2_1 Pin=R2-1
Added Pin To Net: NetName=NetR2_1 Pin=U1-8
Added Net: Name=NetR2_1
Added Pin To Net: NetName=NetR2_2 Pin=R2-2
Added Pin To Net: NetName=NetR2_2 Pin=U1-1
Added Net: Name=NetR2_2
Added Pin To Net: NetName=NetR6_1 Pin=R6-1
Added Pin To Net: NetName=NetR6_1 Pin=R7-1
Added Pin To Net: NetName=NetR6_1 Pin=U1-5
Added Net: Name=NetR6_1
Added Pin To Net: NetName=NetR15_2 Pin=R15-2
Added Pin To Net: NetName=NetR15_2 Pin=R17-1
Added Pin To Net: NetName=NetR15_2 Pin=U4-4
Added Net: Name=NetR15_2
Added Pin To Net: NetName=PGOOD Pin=J3-1
Added Pin To Net: NetName=PGOOD Pin=U2-10
Added Net: Name=PGOOD
Added Pin To Net: NetName=SW Pin=P5-1
Added Pin To Net: NetName=SW Pin=P5-2
Added Pin To Net: NetName=SW Pin=Q2-1
Added Pin To Net: NetName=SW Pin=Q9-1
Added Pin To Net: NetName=SW Pin=Q10-1
Added Pin To Net: NetName=SW Pin=R11-2
Added Net: Name=SW
Added Pin To Net: NetName=V_HARVEST Pin=C8-1
Added Pin To Net: NetName=V_HARVEST Pin=L1-1
Added Pin To Net: NetName=V_HARVEST Pin=P9-1
Added Pin To Net: NetName=V_HARVEST Pin=P9-2
Added Pin To Net: NetName=V_HARVEST Pin=Q1-2
Added Pin To Net: NetName=V_HARVEST Pin=R1-2
Added Pin To Net: NetName=V_HARVEST Pin=U2-6
Added Net: Name=V_HARVEST
Added Pin To Net: NetName=VCAP Pin=C2-1
Added Pin To Net: NetName=VCAP Pin=C3-1
Added Pin To Net: NetName=VCAP Pin=C4-1
Added Pin To Net: NetName=VCAP Pin=C5-1
Added Pin To Net: NetName=VCAP Pin=C6-1
Added Pin To Net: NetName=VCAP Pin=C7-1
Added Pin To Net: NetName=VCAP Pin=U2-4
Added Net: Name=VCAP
Added Pin To Net: NetName=VOLTAGE_WAVEFORM Pin=J2-1
Added Pin To Net: NetName=VOLTAGE_WAVEFORM Pin=P12-1
Added Pin To Net: NetName=VOLTAGE_WAVEFORM Pin=P12-2
Added Pin To Net: NetName=VOLTAGE_WAVEFORM Pin=R15-1
Added Pin To Net: NetName=VOLTAGE_WAVEFORM Pin=U4-1
Added Net: Name=VOLTAGE_WAVEFORM
Added Pin To Net: NetName=VREF_1.5 Pin=R5-2
Added Pin To Net: NetName=VREF_1.5 Pin=R16-1
Added Pin To Net: NetName=VREF_1.5 Pin=U3-2
Added Net: Name=VREF_1.5
Added Class: Name=current_measurment
Added Class: Name=harvesting
Added Class: Name=voltage_measurment
Added Room: Name=current_measurment
Added Room: Name=harvesting
Added Room: Name=voltage_measurment
